2019-05-09 21:38:39.670 [main] INFO  com.example.demo.DemoApplication - Starting DemoApplication on yu3deMacBook-Pro.local with PID 1369 (/Users/yu3/IdeaProjects/wx/target/classes started by yu3 in /Users/yu3/IdeaProjects/wx)
2019-05-09 21:38:39.688 [main] INFO  com.example.demo.DemoApplication - No active profile set, falling back to default profiles: default
2019-05-09 21:38:39.871 [main] INFO  o.s.b.c.e.AnnotationConfigEmbeddedWebApplicationContext - Refreshing org.springframework.boot.context.embedded.AnnotationConfigEmbeddedWebApplicationContext@50de186c: startup date [Thu May 09 21:38:39 CST 2019]; root of context hierarchy
2019-05-09 21:38:41.196 [background-preinit] INFO  o.h.validator.internal.util.Version - HV000001: Hibernate Validator 5.3.5.Final
2019-05-09 21:38:43.848 [main] INFO  o.s.b.c.e.t.TomcatEmbeddedServletContainer - Tomcat initialized with port(s): 8080 (http)
2019-05-09 21:38:43.871 [main] INFO  o.a.catalina.core.StandardService - Starting service [Tomcat]
2019-05-09 21:38:43.874 [main] INFO  o.a.catalina.core.StandardEngine - Starting Servlet Engine: Apache Tomcat/8.5.23
2019-05-09 21:38:44.049 [localhost-startStop-1] INFO  o.a.c.c.C.[Tomcat].[localhost].[/] - Initializing Spring embedded WebApplicationContext
2019-05-09 21:38:44.049 [localhost-startStop-1] INFO  o.s.web.context.ContextLoader - Root WebApplicationContext: initialization completed in 4178 ms
2019-05-09 21:38:44.365 [localhost-startStop-1] INFO  o.s.b.w.s.ServletRegistrationBean - Mapping servlet: 'dispatcherServlet' to [/]
2019-05-09 21:38:44.376 [localhost-startStop-1] INFO  o.s.b.w.s.FilterRegistrationBean - Mapping filter: 'characterEncodingFilter' to: [/*]
2019-05-09 21:38:44.377 [localhost-startStop-1] INFO  o.s.b.w.s.FilterRegistrationBean - Mapping filter: 'hiddenHttpMethodFilter' to: [/*]
2019-05-09 21:38:44.377 [localhost-startStop-1] INFO  o.s.b.w.s.FilterRegistrationBean - Mapping filter: 'httpPutFormContentFilter' to: [/*]
2019-05-09 21:38:44.377 [localhost-startStop-1] INFO  o.s.b.w.s.FilterRegistrationBean - Mapping filter: 'requestContextFilter' to: [/*]
2019-05-09 21:38:45.130 [main] INFO  o.s.w.s.m.m.a.RequestMappingHandlerAdapter - Looking for @ControllerAdvice: org.springframework.boot.context.embedded.AnnotationConfigEmbeddedWebApplicationContext@50de186c: startup date [Thu May 09 21:38:39 CST 2019]; root of context hierarchy
2019-05-09 21:38:45.334 [main] INFO  o.s.w.s.m.m.a.RequestMappingHandlerMapping - Mapped "{[/wx/verify],methods=[GET || POST]}" onto public void com.example.demo.controller.WxController.receiveMessage(javax.servlet.http.HttpServletRequest,javax.servlet.http.HttpServletResponse) throws java.lang.Exception
2019-05-09 21:38:45.336 [main] INFO  o.s.w.s.m.m.a.RequestMappingHandlerMapping - Mapped "{[/wx/verify_wx_token],methods=[GET || POST]}" onto public java.lang.String com.example.demo.controller.WxController.verifyWXToken(javax.servlet.http.HttpServletRequest,javax.servlet.http.HttpServletResponse) throws java.lang.Exception
2019-05-09 21:38:45.351 [main] INFO  o.s.w.s.m.m.a.RequestMappingHandlerMapping - Mapped "{[/wx/tqyb/{city}]}" onto public java.lang.Object com.example.demo.controller.WxController.tqyb(java.lang.String) throws java.lang.Exception
2019-05-09 21:38:45.368 [main] INFO  o.s.w.s.m.m.a.RequestMappingHandlerMapping - Mapped "{[/error]}" onto public org.springframework.http.ResponseEntity<java.util.Map<java.lang.String, java.lang.Object>> org.springframework.boot.autoconfigure.web.BasicErrorController.error(javax.servlet.http.HttpServletRequest)
2019-05-09 21:38:45.368 [main] INFO  o.s.w.s.m.m.a.RequestMappingHandlerMapping - Mapped "{[/error],produces=[text/html]}" onto public org.springframework.web.servlet.ModelAndView org.springframework.boot.autoconfigure.web.BasicErrorController.errorHtml(javax.servlet.http.HttpServletRequest,javax.servlet.http.HttpServletResponse)
2019-05-09 21:38:45.572 [main] INFO  o.s.w.s.h.SimpleUrlHandlerMapping - Mapped URL path [/webjars/**] onto handler of type [class org.springframework.web.servlet.resource.ResourceHttpRequestHandler]
2019-05-09 21:38:45.572 [main] INFO  o.s.w.s.h.SimpleUrlHandlerMapping - Mapped URL path [/**] onto handler of type [class org.springframework.web.servlet.resource.ResourceHttpRequestHandler]
2019-05-09 21:38:45.663 [main] INFO  o.s.w.s.h.SimpleUrlHandlerMapping - Mapped URL path [/**/favicon.ico] onto handler of type [class org.springframework.web.servlet.resource.ResourceHttpRequestHandler]
2019-05-09 21:38:46.088 [main] INFO  o.s.j.e.a.AnnotationMBeanExporter - Registering beans for JMX exposure on startup
2019-05-09 21:38:46.191 [main] INFO  o.a.coyote.http11.Http11NioProtocol - Initializing ProtocolHandler ["http-nio-8080"]
2019-05-09 21:38:46.240 [main] INFO  o.a.coyote.http11.Http11NioProtocol - Starting ProtocolHandler ["http-nio-8080"]
2019-05-09 21:38:46.337 [main] INFO  o.a.tomcat.util.net.NioSelectorPool - Using a shared selector for servlet write/read
2019-05-09 21:38:46.373 [main] INFO  o.s.b.c.e.t.TomcatEmbeddedServletContainer - Tomcat started on port(s): 8080 (http)
2019-05-09 21:38:46.382 [main] INFO  com.example.demo.DemoApplication - Started DemoApplication in 8.352 seconds (JVM running for 10.63)
2019-05-09 21:38:52.239 [Thread-3] INFO  o.s.b.c.e.AnnotationConfigEmbeddedWebApplicationContext - Closing org.springframework.boot.context.embedded.AnnotationConfigEmbeddedWebApplicationContext@50de186c: startup date [Thu May 09 21:38:39 CST 2019]; root of context hierarchy
2019-05-09 21:38:52.241 [Thread-3] INFO  o.s.j.e.a.AnnotationMBeanExporter - Unregistering JMX-exposed beans on shutdown
2019-05-09 21:39:48.794 [main] INFO  com.example.demo.DemoApplication - Starting DemoApplication on yu3deMacBook-Pro.local with PID 1399 (/Users/yu3/IdeaProjects/wx/target/classes started by yu3 in /Users/yu3/IdeaProjects/wx)
2019-05-09 21:39:48.804 [main] INFO  com.example.demo.DemoApplication - No active profile set, falling back to default profiles: default
2019-05-09 21:39:49.279 [main] INFO  o.s.b.c.e.AnnotationConfigEmbeddedWebApplicationContext - Refreshing org.springframework.boot.context.embedded.AnnotationConfigEmbeddedWebApplicationContext@50de186c: startup date [Thu May 09 21:39:49 CST 2019]; root of context hierarchy
2019-05-09 21:39:50.081 [background-preinit] INFO  o.h.validator.internal.util.Version - HV000001: Hibernate Validator 5.3.5.Final
2019-05-09 21:39:53.217 [main] INFO  o.s.b.c.e.t.TomcatEmbeddedServletContainer - Tomcat initialized with port(s): 8080 (http)
2019-05-09 21:39:53.247 [main] INFO  o.a.catalina.core.StandardService - Starting service [Tomcat]
2019-05-09 21:39:53.249 [main] INFO  o.a.catalina.core.StandardEngine - Starting Servlet Engine: Apache Tomcat/8.5.23
2019-05-09 21:39:53.503 [localhost-startStop-1] INFO  o.a.c.c.C.[Tomcat].[localhost].[/] - Initializing Spring embedded WebApplicationContext
2019-05-09 21:39:53.503 [localhost-startStop-1] INFO  o.s.web.context.ContextLoader - Root WebApplicationContext: initialization completed in 4224 ms
2019-05-09 21:39:53.854 [localhost-startStop-1] INFO  o.s.b.w.s.ServletRegistrationBean - Mapping servlet: 'dispatcherServlet' to [/]
2019-05-09 21:39:53.873 [localhost-startStop-1] INFO  o.s.b.w.s.FilterRegistrationBean - Mapping filter: 'characterEncodingFilter' to: [/*]
2019-05-09 21:39:53.875 [localhost-startStop-1] INFO  o.s.b.w.s.FilterRegistrationBean - Mapping filter: 'hiddenHttpMethodFilter' to: [/*]
2019-05-09 21:39:53.875 [localhost-startStop-1] INFO  o.s.b.w.s.FilterRegistrationBean - Mapping filter: 'httpPutFormContentFilter' to: [/*]
2019-05-09 21:39:53.876 [localhost-startStop-1] INFO  o.s.b.w.s.FilterRegistrationBean - Mapping filter: 'requestContextFilter' to: [/*]
2019-05-09 21:39:54.861 [main] INFO  o.s.w.s.m.m.a.RequestMappingHandlerAdapter - Looking for @ControllerAdvice: org.springframework.boot.context.embedded.AnnotationConfigEmbeddedWebApplicationContext@50de186c: startup date [Thu May 09 21:39:49 CST 2019]; root of context hierarchy
2019-05-09 21:39:55.007 [main] INFO  o.s.w.s.m.m.a.RequestMappingHandlerMapping - Mapped "{[/wx/verify],methods=[GET || POST]}" onto public void com.example.demo.controller.WxController.receiveMessage(javax.servlet.http.HttpServletRequest,javax.servlet.http.HttpServletResponse) throws java.lang.Exception
2019-05-09 21:39:55.009 [main] INFO  o.s.w.s.m.m.a.RequestMappingHandlerMapping - Mapped "{[/wx/verify_wx_token],methods=[GET || POST]}" onto public java.lang.String com.example.demo.controller.WxController.verifyWXToken(javax.servlet.http.HttpServletRequest,javax.servlet.http.HttpServletResponse) throws java.lang.Exception
2019-05-09 21:39:55.010 [main] INFO  o.s.w.s.m.m.a.RequestMappingHandlerMapping - Mapped "{[/wx/tqyb/{city}]}" onto public java.lang.Object com.example.demo.controller.WxController.tqyb(java.lang.String) throws java.lang.Exception
2019-05-09 21:39:55.015 [main] INFO  o.s.w.s.m.m.a.RequestMappingHandlerMapping - Mapped "{[/error]}" onto public org.springframework.http.ResponseEntity<java.util.Map<java.lang.String, java.lang.Object>> org.springframework.boot.autoconfigure.web.BasicErrorController.error(javax.servlet.http.HttpServletRequest)
2019-05-09 21:39:55.017 [main] INFO  o.s.w.s.m.m.a.RequestMappingHandlerMapping - Mapped "{[/error],produces=[text/html]}" onto public org.springframework.web.servlet.ModelAndView org.springframework.boot.autoconfigure.web.BasicErrorController.errorHtml(javax.servlet.http.HttpServletRequest,javax.servlet.http.HttpServletResponse)
2019-05-09 21:39:55.191 [main] INFO  o.s.w.s.h.SimpleUrlHandlerMapping - Mapped URL path [/webjars/**] onto handler of type [class org.springframework.web.servlet.resource.ResourceHttpRequestHandler]
2019-05-09 21:39:55.192 [main] INFO  o.s.w.s.h.SimpleUrlHandlerMapping - Mapped URL path [/**] onto handler of type [class org.springframework.web.servlet.resource.ResourceHttpRequestHandler]
2019-05-09 21:39:55.308 [main] INFO  o.s.w.s.h.SimpleUrlHandlerMapping - Mapped URL path [/**/favicon.ico] onto handler of type [class org.springframework.web.servlet.resource.ResourceHttpRequestHandler]
2019-05-09 21:39:56.080 [main] INFO  o.s.j.e.a.AnnotationMBeanExporter - Registering beans for JMX exposure on startup
2019-05-09 21:39:56.130 [main] INFO  o.a.coyote.http11.Http11NioProtocol - Initializing ProtocolHandler ["http-nio-8080"]
2019-05-09 21:39:56.148 [main] INFO  o.a.coyote.http11.Http11NioProtocol - Starting ProtocolHandler ["http-nio-8080"]
2019-05-09 21:39:56.216 [main] INFO  o.a.tomcat.util.net.NioSelectorPool - Using a shared selector for servlet write/read
2019-05-09 21:39:56.274 [main] INFO  o.s.b.c.e.t.TomcatEmbeddedServletContainer - Tomcat started on port(s): 8080 (http)
2019-05-09 21:39:56.299 [main] INFO  com.example.demo.DemoApplication - Started DemoApplication in 9.95 seconds (JVM running for 11.612)
2019-05-09 21:40:09.260 [Thread-3] INFO  o.s.b.c.e.AnnotationConfigEmbeddedWebApplicationContext - Closing org.springframework.boot.context.embedded.AnnotationConfigEmbeddedWebApplicationContext@50de186c: startup date [Thu May 09 21:39:49 CST 2019]; root of context hierarchy
2019-05-09 21:40:09.262 [Thread-3] INFO  o.s.j.e.a.AnnotationMBeanExporter - Unregistering JMX-exposed beans on shutdown
2019-05-09 21:40:24.892 [main] INFO  c.example.demo.DemoApplicationTests - Starting DemoApplicationTests on yu3deMacBook-Pro.local with PID 1413 (started by yu3 in /Users/yu3/IdeaProjects/wx)
2019-05-09 21:40:24.895 [main] INFO  c.example.demo.DemoApplicationTests - No active profile set, falling back to default profiles: default
2019-05-09 21:40:24.952 [main] INFO  o.s.w.c.s.GenericWebApplicationContext - Refreshing org.springframework.web.context.support.GenericWebApplicationContext@5890e879: startup date [Thu May 09 21:40:24 CST 2019]; root of context hierarchy
2019-05-09 21:40:25.565 [background-preinit] INFO  o.h.validator.internal.util.Version - HV000001: Hibernate Validator 5.3.5.Final
2019-05-09 21:40:30.983 [main] INFO  o.s.w.s.m.m.a.RequestMappingHandlerAdapter - Looking for @ControllerAdvice: org.springframework.web.context.support.GenericWebApplicationContext@5890e879: startup date [Thu May 09 21:40:24 CST 2019]; root of context hierarchy
2019-05-09 21:40:31.297 [main] INFO  o.s.w.s.m.m.a.RequestMappingHandlerMapping - Mapped "{[/wx/verify],methods=[GET || POST]}" onto public void com.example.demo.controller.WxController.receiveMessage(javax.servlet.http.HttpServletRequest,javax.servlet.http.HttpServletResponse) throws java.lang.Exception
2019-05-09 21:40:31.299 [main] INFO  o.s.w.s.m.m.a.RequestMappingHandlerMapping - Mapped "{[/wx/verify_wx_token],methods=[GET || POST]}" onto public java.lang.String com.example.demo.controller.WxController.verifyWXToken(javax.servlet.http.HttpServletRequest,javax.servlet.http.HttpServletResponse) throws java.lang.Exception
2019-05-09 21:40:31.299 [main] INFO  o.s.w.s.m.m.a.RequestMappingHandlerMapping - Mapped "{[/wx/tqyb/{city}]}" onto public java.lang.Object com.example.demo.controller.WxController.tqyb(java.lang.String) throws java.lang.Exception
2019-05-09 21:40:31.304 [main] INFO  o.s.w.s.m.m.a.RequestMappingHandlerMapping - Mapped "{[/error]}" onto public org.springframework.http.ResponseEntity<java.util.Map<java.lang.String, java.lang.Object>> org.springframework.boot.autoconfigure.web.BasicErrorController.error(javax.servlet.http.HttpServletRequest)
2019-05-09 21:40:31.305 [main] INFO  o.s.w.s.m.m.a.RequestMappingHandlerMapping - Mapped "{[/error],produces=[text/html]}" onto public org.springframework.web.servlet.ModelAndView org.springframework.boot.autoconfigure.web.BasicErrorController.errorHtml(javax.servlet.http.HttpServletRequest,javax.servlet.http.HttpServletResponse)
2019-05-09 21:40:31.428 [main] INFO  o.s.w.s.h.SimpleUrlHandlerMapping - Mapped URL path [/webjars/**] onto handler of type [class org.springframework.web.servlet.resource.ResourceHttpRequestHandler]
2019-05-09 21:40:31.428 [main] INFO  o.s.w.s.h.SimpleUrlHandlerMapping - Mapped URL path [/**] onto handler of type [class org.springframework.web.servlet.resource.ResourceHttpRequestHandler]
2019-05-09 21:40:31.536 [main] INFO  o.s.w.s.h.SimpleUrlHandlerMapping - Mapped URL path [/**/favicon.ico] onto handler of type [class org.springframework.web.servlet.resource.ResourceHttpRequestHandler]
2019-05-09 21:40:32.356 [main] INFO  c.example.demo.DemoApplicationTests - Started DemoApplicationTests in 8.047 seconds (JVM running for 9.2)
2019-05-09 21:40:32.599 [Thread-2] INFO  o.s.w.c.s.GenericWebApplicationContext - Closing org.springframework.web.context.support.GenericWebApplicationContext@5890e879: startup date [Thu May 09 21:40:24 CST 2019]; root of context hierarchy
2019-05-09 21:46:53.400 [main] INFO  c.example.demo.DemoApplicationTests - Starting DemoApplicationTests on yu3deMacBook-Pro.local with PID 1493 (started by yu3 in /Users/yu3/IdeaProjects/wx)
2019-05-09 21:46:53.402 [main] INFO  c.example.demo.DemoApplicationTests - No active profile set, falling back to default profiles: default
2019-05-09 21:46:53.450 [main] INFO  o.s.w.c.s.GenericWebApplicationContext - Refreshing org.springframework.web.context.support.GenericWebApplicationContext@5890e879: startup date [Thu May 09 21:46:53 CST 2019]; root of context hierarchy
2019-05-09 21:46:54.014 [background-preinit] INFO  o.h.validator.internal.util.Version - HV000001: Hibernate Validator 5.3.5.Final
2019-05-09 21:46:56.594 [main] INFO  o.s.w.s.m.m.a.RequestMappingHandlerAdapter - Looking for @ControllerAdvice: org.springframework.web.context.support.GenericWebApplicationContext@5890e879: startup date [Thu May 09 21:46:53 CST 2019]; root of context hierarchy
2019-05-09 21:46:56.706 [main] INFO  o.s.w.s.m.m.a.RequestMappingHandlerMapping - Mapped "{[/wx/verify],methods=[GET || POST]}" onto public java.lang.String com.example.demo.controller.WxController.receiveMessage(javax.servlet.http.HttpServletRequest,javax.servlet.http.HttpServletResponse) throws java.lang.Exception
2019-05-09 21:46:56.707 [main] INFO  o.s.w.s.m.m.a.RequestMappingHandlerMapping - Mapped "{[/wx/verify_wx_token],methods=[GET || POST]}" onto public java.lang.String com.example.demo.controller.WxController.verifyWXToken(javax.servlet.http.HttpServletRequest,javax.servlet.http.HttpServletResponse) throws java.lang.Exception
2019-05-09 21:46:56.708 [main] INFO  o.s.w.s.m.m.a.RequestMappingHandlerMapping - Mapped "{[/wx/tqyb/{city}]}" onto public java.lang.Object com.example.demo.controller.WxController.tqyb(java.lang.String) throws java.lang.Exception
2019-05-09 21:46:56.711 [main] INFO  o.s.w.s.m.m.a.RequestMappingHandlerMapping - Mapped "{[/error]}" onto public org.springframework.http.ResponseEntity<java.util.Map<java.lang.String, java.lang.Object>> org.springframework.boot.autoconfigure.web.BasicErrorController.error(javax.servlet.http.HttpServletRequest)
2019-05-09 21:46:56.712 [main] INFO  o.s.w.s.m.m.a.RequestMappingHandlerMapping - Mapped "{[/error],produces=[text/html]}" onto public org.springframework.web.servlet.ModelAndView org.springframework.boot.autoconfigure.web.BasicErrorController.errorHtml(javax.servlet.http.HttpServletRequest,javax.servlet.http.HttpServletResponse)
2019-05-09 21:46:56.773 [main] INFO  o.s.w.s.h.SimpleUrlHandlerMapping - Mapped URL path [/webjars/**] onto handler of type [class org.springframework.web.servlet.resource.ResourceHttpRequestHandler]
2019-05-09 21:46:56.773 [main] INFO  o.s.w.s.h.SimpleUrlHandlerMapping - Mapped URL path [/**] onto handler of type [class org.springframework.web.servlet.resource.ResourceHttpRequestHandler]
2019-05-09 21:46:56.837 [main] INFO  o.s.w.s.h.SimpleUrlHandlerMapping - Mapped URL path [/**/favicon.ico] onto handler of type [class org.springframework.web.servlet.resource.ResourceHttpRequestHandler]
2019-05-09 21:46:57.079 [main] INFO  c.example.demo.DemoApplicationTests - Started DemoApplicationTests in 4.316 seconds (JVM running for 5.247)
2019-05-09 21:46:57.152 [Thread-2] INFO  o.s.w.c.s.GenericWebApplicationContext - Closing org.springframework.web.context.support.GenericWebApplicationContext@5890e879: startup date [Thu May 09 21:46:53 CST 2019]; root of context hierarchy
2019-05-09 21:58:25.925 [main] INFO  c.example.demo.DemoApplicationTests - Starting DemoApplicationTests on yu3deMacBook-Pro.local with PID 1659 (started by yu3 in /Users/yu3/IdeaProjects/wx)
2019-05-09 21:58:25.927 [main] INFO  c.example.demo.DemoApplicationTests - No active profile set, falling back to default profiles: default
2019-05-09 21:58:26.001 [main] INFO  o.s.w.c.s.GenericWebApplicationContext - Refreshing org.springframework.web.context.support.GenericWebApplicationContext@5890e879: startup date [Thu May 09 21:58:26 CST 2019]; root of context hierarchy
2019-05-09 21:58:26.723 [background-preinit] INFO  o.h.validator.internal.util.Version - HV000001: Hibernate Validator 5.3.5.Final
2019-05-09 21:58:31.506 [main] INFO  o.s.w.s.m.m.a.RequestMappingHandlerAdapter - Looking for @ControllerAdvice: org.springframework.web.context.support.GenericWebApplicationContext@5890e879: startup date [Thu May 09 21:58:26 CST 2019]; root of context hierarchy
2019-05-09 21:58:31.638 [main] INFO  o.s.w.s.m.m.a.RequestMappingHandlerMapping - Mapped "{[/wx/verify],methods=[GET || POST]}" onto public java.lang.String com.example.demo.controller.WxController.receiveMessage(javax.servlet.http.HttpServletRequest,javax.servlet.http.HttpServletResponse) throws java.lang.Exception
2019-05-09 21:58:31.640 [main] INFO  o.s.w.s.m.m.a.RequestMappingHandlerMapping - Mapped "{[/wx/verify_wx_token],methods=[GET || POST]}" onto public java.lang.String com.example.demo.controller.WxController.verifyWXToken(javax.servlet.http.HttpServletRequest,javax.servlet.http.HttpServletResponse) throws java.lang.Exception
2019-05-09 21:58:31.640 [main] INFO  o.s.w.s.m.m.a.RequestMappingHandlerMapping - Mapped "{[/wx/tqyb/{city}]}" onto public java.lang.Object com.example.demo.controller.WxController.tqyb(java.lang.String) throws java.lang.Exception
2019-05-09 21:58:31.643 [main] INFO  o.s.w.s.m.m.a.RequestMappingHandlerMapping - Mapped "{[/error]}" onto public org.springframework.http.ResponseEntity<java.util.Map<java.lang.String, java.lang.Object>> org.springframework.boot.autoconfigure.web.BasicErrorController.error(javax.servlet.http.HttpServletRequest)
2019-05-09 21:58:31.643 [main] INFO  o.s.w.s.m.m.a.RequestMappingHandlerMapping - Mapped "{[/error],produces=[text/html]}" onto public org.springframework.web.servlet.ModelAndView org.springframework.boot.autoconfigure.web.BasicErrorController.errorHtml(javax.servlet.http.HttpServletRequest,javax.servlet.http.HttpServletResponse)
2019-05-09 21:58:31.727 [main] INFO  o.s.w.s.h.SimpleUrlHandlerMapping - Mapped URL path [/webjars/**] onto handler of type [class org.springframework.web.servlet.resource.ResourceHttpRequestHandler]
2019-05-09 21:58:31.727 [main] INFO  o.s.w.s.h.SimpleUrlHandlerMapping - Mapped URL path [/**] onto handler of type [class org.springframework.web.servlet.resource.ResourceHttpRequestHandler]
2019-05-09 21:58:31.826 [main] INFO  o.s.w.s.h.SimpleUrlHandlerMapping - Mapped URL path [/**/favicon.ico] onto handler of type [class org.springframework.web.servlet.resource.ResourceHttpRequestHandler]
2019-05-09 21:58:32.352 [main] INFO  c.example.demo.DemoApplicationTests - Started DemoApplicationTests in 7.452 seconds (JVM running for 9.603)
2019-05-09 21:58:32.459 [Thread-2] INFO  o.s.w.c.s.GenericWebApplicationContext - Closing org.springframework.web.context.support.GenericWebApplicationContext@5890e879: startup date [Thu May 09 21:58:26 CST 2019]; root of context hierarchy
2019-05-09 22:14:57.843 [main] INFO  c.example.demo.DemoApplicationTests - Starting DemoApplicationTests on yu3deMacBook-Pro.local with PID 1821 (started by yu3 in /Users/yu3/IdeaProjects/wx)
2019-05-09 22:14:57.844 [main] INFO  c.example.demo.DemoApplicationTests - No active profile set, falling back to default profiles: default
2019-05-09 22:14:57.888 [main] INFO  o.s.w.c.s.GenericWebApplicationContext - Refreshing org.springframework.web.context.support.GenericWebApplicationContext@5890e879: startup date [Thu May 09 22:14:57 CST 2019]; root of context hierarchy
2019-05-09 22:14:58.477 [background-preinit] INFO  o.h.validator.internal.util.Version - HV000001: Hibernate Validator 5.3.5.Final
2019-05-09 22:15:01.052 [main] INFO  o.s.w.s.m.m.a.RequestMappingHandlerAdapter - Looking for @ControllerAdvice: org.springframework.web.context.support.GenericWebApplicationContext@5890e879: startup date [Thu May 09 22:14:57 CST 2019]; root of context hierarchy
2019-05-09 22:15:01.163 [main] INFO  o.s.w.s.m.m.a.RequestMappingHandlerMapping - Mapped "{[/wx/verify],methods=[GET || POST]}" onto public void com.example.demo.controller.WxController.receiveMessage(javax.servlet.http.HttpServletRequest,javax.servlet.http.HttpServletResponse) throws java.lang.Exception
2019-05-09 22:15:01.164 [main] INFO  o.s.w.s.m.m.a.RequestMappingHandlerMapping - Mapped "{[/wx/verify_wx_token],methods=[GET || POST]}" onto public java.lang.String com.example.demo.controller.WxController.verifyWXToken(javax.servlet.http.HttpServletRequest,javax.servlet.http.HttpServletResponse) throws java.lang.Exception
2019-05-09 22:15:01.165 [main] INFO  o.s.w.s.m.m.a.RequestMappingHandlerMapping - Mapped "{[/wx/tqyb/{city}]}" onto public java.lang.Object com.example.demo.controller.WxController.tqyb(java.lang.String) throws java.lang.Exception
2019-05-09 22:15:01.168 [main] INFO  o.s.w.s.m.m.a.RequestMappingHandlerMapping - Mapped "{[/error]}" onto public org.springframework.http.ResponseEntity<java.util.Map<java.lang.String, java.lang.Object>> org.springframework.boot.autoconfigure.web.BasicErrorController.error(javax.servlet.http.HttpServletRequest)
2019-05-09 22:15:01.168 [main] INFO  o.s.w.s.m.m.a.RequestMappingHandlerMapping - Mapped "{[/error],produces=[text/html]}" onto public org.springframework.web.servlet.ModelAndView org.springframework.boot.autoconfigure.web.BasicErrorController.errorHtml(javax.servlet.http.HttpServletRequest,javax.servlet.http.HttpServletResponse)
2019-05-09 22:15:01.228 [main] INFO  o.s.w.s.h.SimpleUrlHandlerMapping - Mapped URL path [/webjars/**] onto handler of type [class org.springframework.web.servlet.resource.ResourceHttpRequestHandler]
2019-05-09 22:15:01.233 [main] INFO  o.s.w.s.h.SimpleUrlHandlerMapping - Mapped URL path [/**] onto handler of type [class org.springframework.web.servlet.resource.ResourceHttpRequestHandler]
2019-05-09 22:15:01.318 [main] INFO  o.s.w.s.h.SimpleUrlHandlerMapping - Mapped URL path [/**/favicon.ico] onto handler of type [class org.springframework.web.servlet.resource.ResourceHttpRequestHandler]
2019-05-09 22:15:01.596 [main] INFO  c.example.demo.DemoApplicationTests - Started DemoApplicationTests in 4.411 seconds (JVM running for 5.699)
2019-05-09 22:15:01.667 [Thread-2] INFO  o.s.w.c.s.GenericWebApplicationContext - Closing org.springframework.web.context.support.GenericWebApplicationContext@5890e879: startup date [Thu May 09 22:14:57 CST 2019]; root of context hierarchy
2019-05-09 22:21:25.699 [main] INFO  c.example.demo.DemoApplicationTests - Starting DemoApplicationTests on yu3deMacBook-Pro.local with PID 1895 (started by yu3 in /Users/yu3/IdeaProjects/wx)
2019-05-09 22:21:25.700 [main] INFO  c.example.demo.DemoApplicationTests - No active profile set, falling back to default profiles: default
2019-05-09 22:21:25.739 [main] INFO  o.s.w.c.s.GenericWebApplicationContext - Refreshing org.springframework.web.context.support.GenericWebApplicationContext@4d0d9fe7: startup date [Thu May 09 22:21:25 CST 2019]; root of context hierarchy
2019-05-09 22:21:26.483 [background-preinit] INFO  o.h.validator.internal.util.Version - HV000001: Hibernate Validator 5.3.5.Final
2019-05-09 22:21:28.832 [main] INFO  o.s.w.s.m.m.a.RequestMappingHandlerAdapter - Looking for @ControllerAdvice: org.springframework.web.context.support.GenericWebApplicationContext@4d0d9fe7: startup date [Thu May 09 22:21:25 CST 2019]; root of context hierarchy
2019-05-09 22:21:28.966 [main] INFO  o.s.w.s.m.m.a.RequestMappingHandlerMapping - Mapped "{[/wx/verify],methods=[GET || POST]}" onto public void com.example.demo.controller.WxController.receiveMessage(javax.servlet.http.HttpServletRequest,javax.servlet.http.HttpServletResponse) throws java.lang.Exception
2019-05-09 22:21:28.967 [main] INFO  o.s.w.s.m.m.a.RequestMappingHandlerMapping - Mapped "{[/wx/verify_wx_token],methods=[GET || POST]}" onto public java.lang.String com.example.demo.controller.WxController.verifyWXToken(javax.servlet.http.HttpServletRequest,javax.servlet.http.HttpServletResponse) throws java.lang.Exception
2019-05-09 22:21:28.968 [main] INFO  o.s.w.s.m.m.a.RequestMappingHandlerMapping - Mapped "{[/wx/tqyb/{city}]}" onto public java.lang.Object com.example.demo.controller.WxController.tqyb(java.lang.String) throws java.lang.Exception
2019-05-09 22:21:28.971 [main] INFO  o.s.w.s.m.m.a.RequestMappingHandlerMapping - Mapped "{[/error]}" onto public org.springframework.http.ResponseEntity<java.util.Map<java.lang.String, java.lang.Object>> org.springframework.boot.autoconfigure.web.BasicErrorController.error(javax.servlet.http.HttpServletRequest)
2019-05-09 22:21:28.972 [main] INFO  o.s.w.s.m.m.a.RequestMappingHandlerMapping - Mapped "{[/error],produces=[text/html]}" onto public org.springframework.web.servlet.ModelAndView org.springframework.boot.autoconfigure.web.BasicErrorController.errorHtml(javax.servlet.http.HttpServletRequest,javax.servlet.http.HttpServletResponse)
2019-05-09 22:21:29.024 [main] INFO  o.s.w.s.h.SimpleUrlHandlerMapping - Mapped URL path [/webjars/**] onto handler of type [class org.springframework.web.servlet.resource.ResourceHttpRequestHandler]
2019-05-09 22:21:29.025 [main] INFO  o.s.w.s.h.SimpleUrlHandlerMapping - Mapped URL path [/**] onto handler of type [class org.springframework.web.servlet.resource.ResourceHttpRequestHandler]
2019-05-09 22:21:29.112 [main] INFO  o.s.w.s.h.SimpleUrlHandlerMapping - Mapped URL path [/**/favicon.ico] onto handler of type [class org.springframework.web.servlet.resource.ResourceHttpRequestHandler]
2019-05-09 22:21:29.367 [main] INFO  c.example.demo.DemoApplicationTests - Started DemoApplicationTests in 4.307 seconds (JVM running for 5.573)
2019-05-09 22:21:29.438 [Thread-2] INFO  o.s.w.c.s.GenericWebApplicationContext - Closing org.springframework.web.context.support.GenericWebApplicationContext@4d0d9fe7: startup date [Thu May 09 22:21:25 CST 2019]; root of context hierarchy
2019-05-09 22:27:38.407 [main] INFO  c.example.demo.DemoApplicationTests - Starting DemoApplicationTests on yu3deMacBook-Pro.local with PID 1983 (started by yu3 in /Users/yu3/IdeaProjects/wx)
2019-05-09 22:27:38.409 [main] INFO  c.example.demo.DemoApplicationTests - No active profile set, falling back to default profiles: default
2019-05-09 22:27:38.454 [main] INFO  o.s.w.c.s.GenericWebApplicationContext - Refreshing org.springframework.web.context.support.GenericWebApplicationContext@4d0d9fe7: startup date [Thu May 09 22:27:38 CST 2019]; root of context hierarchy
2019-05-09 22:27:39.099 [background-preinit] INFO  o.h.validator.internal.util.Version - HV000001: Hibernate Validator 5.3.5.Final
2019-05-09 22:27:42.161 [main] INFO  o.s.w.s.m.m.a.RequestMappingHandlerAdapter - Looking for @ControllerAdvice: org.springframework.web.context.support.GenericWebApplicationContext@4d0d9fe7: startup date [Thu May 09 22:27:38 CST 2019]; root of context hierarchy
2019-05-09 22:27:42.331 [main] INFO  o.s.w.s.m.m.a.RequestMappingHandlerMapping - Mapped "{[/wx/tqyb/{city}]}" onto public java.lang.Object com.example.demo.controller.WxController.tqyb(java.lang.String) throws java.lang.Exception
2019-05-09 22:27:42.332 [main] INFO  o.s.w.s.m.m.a.RequestMappingHandlerMapping - Mapped "{[/wx/verify],methods=[GET || POST]}" onto public java.lang.String com.example.demo.controller.WxController.receiveMessage(javax.servlet.http.HttpServletRequest,javax.servlet.http.HttpServletResponse) throws java.lang.Exception
2019-05-09 22:27:42.333 [main] INFO  o.s.w.s.m.m.a.RequestMappingHandlerMapping - Mapped "{[/wx/verify_wx_token],methods=[GET || POST]}" onto public java.lang.String com.example.demo.controller.WxController.verifyWXToken(javax.servlet.http.HttpServletRequest,javax.servlet.http.HttpServletResponse) throws java.lang.Exception
2019-05-09 22:27:42.337 [main] INFO  o.s.w.s.m.m.a.RequestMappingHandlerMapping - Mapped "{[/error]}" onto public org.springframework.http.ResponseEntity<java.util.Map<java.lang.String, java.lang.Object>> org.springframework.boot.autoconfigure.web.BasicErrorController.error(javax.servlet.http.HttpServletRequest)
2019-05-09 22:27:42.338 [main] INFO  o.s.w.s.m.m.a.RequestMappingHandlerMapping - Mapped "{[/error],produces=[text/html]}" onto public org.springframework.web.servlet.ModelAndView org.springframework.boot.autoconfigure.web.BasicErrorController.errorHtml(javax.servlet.http.HttpServletRequest,javax.servlet.http.HttpServletResponse)
2019-05-09 22:27:42.409 [main] INFO  o.s.w.s.h.SimpleUrlHandlerMapping - Mapped URL path [/webjars/**] onto handler of type [class org.springframework.web.servlet.resource.ResourceHttpRequestHandler]
2019-05-09 22:27:42.409 [main] INFO  o.s.w.s.h.SimpleUrlHandlerMapping - Mapped URL path [/**] onto handler of type [class org.springframework.web.servlet.resource.ResourceHttpRequestHandler]
2019-05-09 22:27:42.488 [main] INFO  o.s.w.s.h.SimpleUrlHandlerMapping - Mapped URL path [/**/favicon.ico] onto handler of type [class org.springframework.web.servlet.resource.ResourceHttpRequestHandler]
2019-05-09 22:27:42.716 [main] INFO  c.example.demo.DemoApplicationTests - Started DemoApplicationTests in 5.066 seconds (JVM running for 6.287)
2019-05-09 22:27:42.808 [Thread-2] INFO  o.s.w.c.s.GenericWebApplicationContext - Closing org.springframework.web.context.support.GenericWebApplicationContext@4d0d9fe7: startup date [Thu May 09 22:27:38 CST 2019]; root of context hierarchy
2019-05-09 22:33:10.664 [main] INFO  c.example.demo.DemoApplicationTests - Starting DemoApplicationTests on yu3deMacBook-Pro.local with PID 2037 (started by yu3 in /Users/yu3/IdeaProjects/wx)
2019-05-09 22:33:10.666 [main] INFO  c.example.demo.DemoApplicationTests - No active profile set, falling back to default profiles: default
2019-05-09 22:33:10.715 [main] INFO  o.s.w.c.s.GenericWebApplicationContext - Refreshing org.springframework.web.context.support.GenericWebApplicationContext@4d0d9fe7: startup date [Thu May 09 22:33:10 CST 2019]; root of context hierarchy
2019-05-09 22:33:11.256 [background-preinit] INFO  o.h.validator.internal.util.Version - HV000001: Hibernate Validator 5.3.5.Final
2019-05-09 22:33:13.625 [main] INFO  o.s.w.s.m.m.a.RequestMappingHandlerAdapter - Looking for @ControllerAdvice: org.springframework.web.context.support.GenericWebApplicationContext@4d0d9fe7: startup date [Thu May 09 22:33:10 CST 2019]; root of context hierarchy
2019-05-09 22:33:13.731 [main] INFO  o.s.w.s.m.m.a.RequestMappingHandlerMapping - Mapped "{[/wx/verify],methods=[GET || POST]}" onto public java.lang.String com.example.demo.controller.WxController.receiveMessage(javax.servlet.http.HttpServletRequest,javax.servlet.http.HttpServletResponse) throws java.lang.Exception
2019-05-09 22:33:13.733 [main] INFO  o.s.w.s.m.m.a.RequestMappingHandlerMapping - Mapped "{[/wx/verify_wx_token],methods=[GET || POST]}" onto public java.lang.String com.example.demo.controller.WxController.verifyWXToken(javax.servlet.http.HttpServletRequest,javax.servlet.http.HttpServletResponse) throws java.lang.Exception
2019-05-09 22:33:13.734 [main] INFO  o.s.w.s.m.m.a.RequestMappingHandlerMapping - Mapped "{[/wx/tqyb/{city}]}" onto public java.lang.Object com.example.demo.controller.WxController.tqyb(java.lang.String) throws java.lang.Exception
2019-05-09 22:33:13.736 [main] INFO  o.s.w.s.m.m.a.RequestMappingHandlerMapping - Mapped "{[/error]}" onto public org.springframework.http.ResponseEntity<java.util.Map<java.lang.String, java.lang.Object>> org.springframework.boot.autoconfigure.web.BasicErrorController.error(javax.servlet.http.HttpServletRequest)
2019-05-09 22:33:13.737 [main] INFO  o.s.w.s.m.m.a.RequestMappingHandlerMapping - Mapped "{[/error],produces=[text/html]}" onto public org.springframework.web.servlet.ModelAndView org.springframework.boot.autoconfigure.web.BasicErrorController.errorHtml(javax.servlet.http.HttpServletRequest,javax.servlet.http.HttpServletResponse)
2019-05-09 22:33:13.790 [main] INFO  o.s.w.s.h.SimpleUrlHandlerMapping - Mapped URL path [/webjars/**] onto handler of type [class org.springframework.web.servlet.resource.ResourceHttpRequestHandler]
2019-05-09 22:33:13.791 [main] INFO  o.s.w.s.h.SimpleUrlHandlerMapping - Mapped URL path [/**] onto handler of type [class org.springframework.web.servlet.resource.ResourceHttpRequestHandler]
2019-05-09 22:33:13.850 [main] INFO  o.s.w.s.h.SimpleUrlHandlerMapping - Mapped URL path [/**/favicon.ico] onto handler of type [class org.springframework.web.servlet.resource.ResourceHttpRequestHandler]
2019-05-09 22:33:14.140 [main] INFO  c.example.demo.DemoApplicationTests - Started DemoApplicationTests in 4.133 seconds (JVM running for 5.145)
2019-05-09 22:33:14.208 [Thread-2] INFO  o.s.w.c.s.GenericWebApplicationContext - Closing org.springframework.web.context.support.GenericWebApplicationContext@4d0d9fe7: startup date [Thu May 09 22:33:10 CST 2019]; root of context hierarchy
2019-05-09 22:38:24.262 [main] INFO  c.example.demo.DemoApplicationTests - Starting DemoApplicationTests on yu3deMacBook-Pro.local with PID 2088 (started by yu3 in /Users/yu3/IdeaProjects/wx)
2019-05-09 22:38:24.263 [main] INFO  c.example.demo.DemoApplicationTests - No active profile set, falling back to default profiles: default
2019-05-09 22:38:24.309 [main] INFO  o.s.w.c.s.GenericWebApplicationContext - Refreshing org.springframework.web.context.support.GenericWebApplicationContext@4d0d9fe7: startup date [Thu May 09 22:38:24 CST 2019]; root of context hierarchy
2019-05-09 22:38:25.062 [background-preinit] INFO  o.h.validator.internal.util.Version - HV000001: Hibernate Validator 5.3.5.Final
2019-05-09 22:38:28.703 [main] INFO  o.s.w.s.m.m.a.RequestMappingHandlerAdapter - Looking for @ControllerAdvice: org.springframework.web.context.support.GenericWebApplicationContext@4d0d9fe7: startup date [Thu May 09 22:38:24 CST 2019]; root of context hierarchy
2019-05-09 22:38:28.982 [main] INFO  o.s.w.s.m.m.a.RequestMappingHandlerMapping - Mapped "{[/wx/tqyb/{city}]}" onto public java.lang.Object com.example.demo.controller.WxController.tqyb(java.lang.String) throws java.lang.Exception
2019-05-09 22:38:28.983 [main] INFO  o.s.w.s.m.m.a.RequestMappingHandlerMapping - Mapped "{[/wx/verify],methods=[GET || POST]}" onto public java.lang.String com.example.demo.controller.WxController.receiveMessage(javax.servlet.http.HttpServletRequest,javax.servlet.http.HttpServletResponse) throws java.lang.Exception
2019-05-09 22:38:28.984 [main] INFO  o.s.w.s.m.m.a.RequestMappingHandlerMapping - Mapped "{[/wx/verify_wx_token],methods=[GET || POST]}" onto public java.lang.String com.example.demo.controller.WxController.verifyWXToken(javax.servlet.http.HttpServletRequest,javax.servlet.http.HttpServletResponse) throws java.lang.Exception
2019-05-09 22:38:28.988 [main] INFO  o.s.w.s.m.m.a.RequestMappingHandlerMapping - Mapped "{[/error]}" onto public org.springframework.http.ResponseEntity<java.util.Map<java.lang.String, java.lang.Object>> org.springframework.boot.autoconfigure.web.BasicErrorController.error(javax.servlet.http.HttpServletRequest)
2019-05-09 22:38:28.989 [main] INFO  o.s.w.s.m.m.a.RequestMappingHandlerMapping - Mapped "{[/error],produces=[text/html]}" onto public org.springframework.web.servlet.ModelAndView org.springframework.boot.autoconfigure.web.BasicErrorController.errorHtml(javax.servlet.http.HttpServletRequest,javax.servlet.http.HttpServletResponse)
2019-05-09 22:38:29.087 [main] INFO  o.s.w.s.h.SimpleUrlHandlerMapping - Mapped URL path [/webjars/**] onto handler of type [class org.springframework.web.servlet.resource.ResourceHttpRequestHandler]
2019-05-09 22:38:29.087 [main] INFO  o.s.w.s.h.SimpleUrlHandlerMapping - Mapped URL path [/**] onto handler of type [class org.springframework.web.servlet.resource.ResourceHttpRequestHandler]
2019-05-09 22:38:29.159 [main] INFO  o.s.w.s.h.SimpleUrlHandlerMapping - Mapped URL path [/**/favicon.ico] onto handler of type [class org.springframework.web.servlet.resource.ResourceHttpRequestHandler]
2019-05-09 22:38:29.418 [main] INFO  c.example.demo.DemoApplicationTests - Started DemoApplicationTests in 5.708 seconds (JVM running for 6.684)
2019-05-09 22:38:29.512 [Thread-2] INFO  o.s.w.c.s.GenericWebApplicationContext - Closing org.springframework.web.context.support.GenericWebApplicationContext@4d0d9fe7: startup date [Thu May 09 22:38:24 CST 2019]; root of context hierarchy
