2019-04-27 20:52:16.193 [main] INFO  c.example.demo.DemoApplicationTests - Starting DemoApplicationTests on DESKTOP-84A3JD6 with PID 31492 (started by Mueea in C:\Users\Mueea\IdeaProjects\demo)
2019-04-27 20:52:16.194 [main] INFO  c.example.demo.DemoApplicationTests - No active profile set, falling back to default profiles: default
2019-04-27 20:52:16.223 [main] INFO  o.s.w.c.s.GenericWebApplicationContext - Refreshing org.springframework.web.context.support.GenericWebApplicationContext@cecf639: startup date [Sat Apr 27 20:52:16 CST 2019]; root of context hierarchy
2019-04-27 20:52:16.637 [background-preinit] INFO  o.h.validator.internal.util.Version - HV000001: Hibernate Validator 5.3.5.Final
2019-04-27 20:52:18.180 [main] INFO  o.s.w.s.m.m.a.RequestMappingHandlerAdapter - Looking for @ControllerAdvice: org.springframework.web.context.support.GenericWebApplicationContext@cecf639: startup date [Sat Apr 27 20:52:16 CST 2019]; root of context hierarchy
2019-04-27 20:52:18.260 [main] INFO  o.s.w.s.m.m.a.RequestMappingHandlerMapping - Mapped "{[/]}" onto public java.lang.Object com.example.demo.controller.TestController.index()
2019-04-27 20:52:18.261 [main] INFO  o.s.w.s.m.m.a.RequestMappingHandlerMapping - Mapped "{[/tqyb/{city}]}" onto public java.lang.Object com.example.demo.controller.TestController.tqyb(java.lang.String) throws java.lang.Exception
2019-04-27 20:52:18.263 [main] INFO  o.s.w.s.m.m.a.RequestMappingHandlerMapping - Mapped "{[/error]}" onto public org.springframework.http.ResponseEntity<java.util.Map<java.lang.String, java.lang.Object>> org.springframework.boot.autoconfigure.web.BasicErrorController.error(javax.servlet.http.HttpServletRequest)
2019-04-27 20:52:18.263 [main] INFO  o.s.w.s.m.m.a.RequestMappingHandlerMapping - Mapped "{[/error],produces=[text/html]}" onto public org.springframework.web.servlet.ModelAndView org.springframework.boot.autoconfigure.web.BasicErrorController.errorHtml(javax.servlet.http.HttpServletRequest,javax.servlet.http.HttpServletResponse)
2019-04-27 20:52:18.312 [main] INFO  o.s.w.s.h.SimpleUrlHandlerMapping - Mapped URL path [/webjars/**] onto handler of type [class org.springframework.web.servlet.resource.ResourceHttpRequestHandler]
2019-04-27 20:52:18.312 [main] INFO  o.s.w.s.h.SimpleUrlHandlerMapping - Mapped URL path [/**] onto handler of type [class org.springframework.web.servlet.resource.ResourceHttpRequestHandler]
2019-04-27 20:52:18.370 [main] INFO  o.s.w.s.h.SimpleUrlHandlerMapping - Mapped URL path [/**/favicon.ico] onto handler of type [class org.springframework.web.servlet.resource.ResourceHttpRequestHandler]
2019-04-27 20:52:18.599 [main] INFO  c.example.demo.DemoApplicationTests - Started DemoApplicationTests in 2.87 seconds (JVM running for 3.697)
2019-04-27 20:52:18.651 [Thread-2] INFO  o.s.w.c.s.GenericWebApplicationContext - Closing org.springframework.web.context.support.GenericWebApplicationContext@cecf639: startup date [Sat Apr 27 20:52:16 CST 2019]; root of context hierarchy
2019-04-27 21:32:58.950 [main] INFO  c.example.demo.DemoApplicationTests - Starting DemoApplicationTests on DESKTOP-84A3JD6 with PID 28912 (started by Mueea in C:\Users\Mueea\IdeaProjects\demo)
2019-04-27 21:32:58.951 [main] INFO  c.example.demo.DemoApplicationTests - No active profile set, falling back to default profiles: default
2019-04-27 21:32:58.980 [main] INFO  o.s.w.c.s.GenericWebApplicationContext - Refreshing org.springframework.web.context.support.GenericWebApplicationContext@cecf639: startup date [Sat Apr 27 21:32:58 CST 2019]; root of context hierarchy
2019-04-27 21:32:59.364 [background-preinit] INFO  o.h.validator.internal.util.Version - HV000001: Hibernate Validator 5.3.5.Final
2019-04-27 21:33:00.942 [main] INFO  o.s.w.s.m.m.a.RequestMappingHandlerAdapter - Looking for @ControllerAdvice: org.springframework.web.context.support.GenericWebApplicationContext@cecf639: startup date [Sat Apr 27 21:32:58 CST 2019]; root of context hierarchy
2019-04-27 21:33:01.018 [main] INFO  o.s.w.s.m.m.a.RequestMappingHandlerMapping - Mapped "{[/]}" onto public java.lang.Object com.example.demo.controller.TestController.index()
2019-04-27 21:33:01.020 [main] INFO  o.s.w.s.m.m.a.RequestMappingHandlerMapping - Mapped "{[/tqyb/{city}]}" onto public java.lang.Object com.example.demo.controller.TestController.tqyb(java.lang.String) throws java.lang.Exception
2019-04-27 21:33:01.023 [main] INFO  o.s.w.s.m.m.a.RequestMappingHandlerMapping - Mapped "{[/error]}" onto public org.springframework.http.ResponseEntity<java.util.Map<java.lang.String, java.lang.Object>> org.springframework.boot.autoconfigure.web.BasicErrorController.error(javax.servlet.http.HttpServletRequest)
2019-04-27 21:33:01.023 [main] INFO  o.s.w.s.m.m.a.RequestMappingHandlerMapping - Mapped "{[/error],produces=[text/html]}" onto public org.springframework.web.servlet.ModelAndView org.springframework.boot.autoconfigure.web.BasicErrorController.errorHtml(javax.servlet.http.HttpServletRequest,javax.servlet.http.HttpServletResponse)
2019-04-27 21:33:01.066 [main] INFO  o.s.w.s.h.SimpleUrlHandlerMapping - Mapped URL path [/webjars/**] onto handler of type [class org.springframework.web.servlet.resource.ResourceHttpRequestHandler]
2019-04-27 21:33:01.066 [main] INFO  o.s.w.s.h.SimpleUrlHandlerMapping - Mapped URL path [/**] onto handler of type [class org.springframework.web.servlet.resource.ResourceHttpRequestHandler]
2019-04-27 21:33:01.111 [main] INFO  o.s.w.s.h.SimpleUrlHandlerMapping - Mapped URL path [/**/favicon.ico] onto handler of type [class org.springframework.web.servlet.resource.ResourceHttpRequestHandler]
2019-04-27 21:33:01.359 [main] INFO  c.example.demo.DemoApplicationTests - Started DemoApplicationTests in 2.871 seconds (JVM running for 3.721)
2019-04-27 21:33:01.412 [Thread-2] INFO  o.s.w.c.s.GenericWebApplicationContext - Closing org.springframework.web.context.support.GenericWebApplicationContext@cecf639: startup date [Sat Apr 27 21:32:58 CST 2019]; root of context hierarchy
